Environment variable:
    SPECTRE_DEFAULTS=+param /mnt2/kundert/cds597/cds/4.3/tools/dfII/etc/spectre/range.lmts +log %C:r.out -D_spectre_=1 -Usun
Command line:
    spectre rlxDAC.tr

spectre (ver. 1.6.62 -- 11 Dec 1993).
SpectreHDL (ver. 0.87 -- 11 Dec 1993).

Simulating `rlxDAC.tr' on cds597 at 10:42:59 AM, Mon Dec 13, 1993.

Warning detected by spectre during circuit read-in.
    rlxDAC.tr 1: Illegal character `,' in input ignored.
Error detected by spectre during circuit read-in.
    rlxDAC.tr 1: Syntax error in specification of `first'.
    rlxDAC.tr 2: Syntax error.  Statement ignored.
    rlxDAC.tr 3: Syntax error.  Statement ignored.
    rlxDAC.tr 4: Syntax error.  Statement ignored.
    rlxDAC.tr 5: Syntax error.  Statement ignored.
    rlxDAC.tr 6: Syntax error.  Statement ignored.
    rlxDAC.tr 7: Syntax error.  Statement ignored.
    rlxDAC.tr 8: Syntax error.  Statement ignored.
    rlxDAC.tr 9: Syntax error.  Statement ignored.
    rlxDAC.tr 10: Syntax error.  Statement ignored.
    rlxDAC.tr 11: Syntax error.  Statement ignored.
    rlxDAC.tr 12: Syntax error.  Statement ignored.
    rlxDAC.tr 13: Syntax error.  Statement ignored.
    rlxDAC.tr 14: Syntax error.  Statement ignored.
    rlxDAC.tr 15: Syntax error.  Statement ignored.
    rlxDAC.tr 16: Syntax error.  Statement ignored.
    rlxDAC.tr 17: Syntax error.  Statement ignored.
    rlxDAC.tr 18: Syntax error.  Statement ignored.
    rlxDAC.tr 19: Syntax error.  Statement ignored.
    rlxDAC.tr 20: Syntax error.  Statement ignored.
    rlxDAC.tr 21: Syntax error.  Statement ignored.
    rlxDAC.tr 22: Syntax error.  Statement ignored.
    rlxDAC.tr 23: Syntax error.  Statement ignored.
    rlxDAC.tr 24: Syntax error.  Statement ignored.
    rlxDAC.tr 25: Syntax error.  Statement ignored.
    rlxDAC.tr 26: Syntax error.  Statement ignored.
    rlxDAC.tr 27: Syntax error.  Statement ignored.
    rlxDAC.tr 28: Syntax error.  Statement ignored.
    rlxDAC.tr 29: Syntax error.  Statement ignored.
    rlxDAC.tr 30: Syntax error.  Statement ignored.
    rlxDAC.tr 31: Syntax error.  Statement ignored.
    rlxDAC.tr 32: Syntax error.  Statement ignored.
    rlxDAC.tr 33: Syntax error.  Statement ignored.
    rlxDAC.tr 34: Syntax error.  Statement ignored.
    rlxDAC.tr 35: Syntax error.  Statement ignored.
    rlxDAC.tr 36: Syntax error.  Statement ignored.
    rlxDAC.tr 37: Syntax error.  Statement ignored.
    rlxDAC.tr 38: Syntax error.  Statement ignored.
    rlxDAC.tr 39: Syntax error.  Statement ignored.
    rlxDAC.tr 40: Syntax error.  Statement ignored.
    rlxDAC.tr 41: Syntax error.  Statement ignored.
    rlxDAC.tr 42: Syntax error.  Statement ignored.
    rlxDAC.tr 43: Syntax error.  Statement ignored.
    rlxDAC.tr 44: Syntax error.  Statement ignored.
    rlxDAC.tr 45: Syntax error.  Statement ignored.
    rlxDAC.tr 46: Syntax error.  Statement ignored.
    rlxDAC.tr 47: Syntax error.  Statement ignored.
    rlxDAC.tr 48: Syntax error.  Statement ignored.
    rlxDAC.tr 49: Syntax error.  Statement ignored.
    rlxDAC.tr 50: Syntax error.  Statement ignored.
    rlxDAC.tr 51: Syntax error.  Statement ignored.
    rlxDAC.tr 52: Syntax error.  Statement ignored.
    rlxDAC.tr 53: Syntax error.  Statement ignored.
    rlxDAC.tr 54: Syntax error.  Statement ignored.
    rlxDAC.tr 55: Syntax error.  Statement ignored.
    rlxDAC.tr 56: Syntax error.  Statement ignored.
    rlxDAC.tr 57: Syntax error.  Statement ignored.
    rlxDAC.tr 58: Syntax error.  Statement ignored.
    rlxDAC.tr 59: Syntax error.  Statement ignored.
    rlxDAC.tr 60: Syntax error.  Statement ignored.
    rlxDAC.tr 61: Syntax error.  Statement ignored.
    rlxDAC.tr 62: Syntax error.  Statement ignored.
    rlxDAC.tr 63: Syntax error.  Statement ignored.
    rlxDAC.tr 64: Syntax error.  Statement ignored.
    rlxDAC.tr 65: Syntax error.  Statement ignored.
    rlxDAC.tr 66: Syntax error.  Statement ignored.
    rlxDAC.tr 67: Syntax error.  Statement ignored.
    rlxDAC.tr 68: Syntax error.  Statement ignored.
    rlxDAC.tr 69: Syntax error.  Statement ignored.
    rlxDAC.tr 70: Syntax error.  Statement ignored.
    rlxDAC.tr 71: Syntax error.  Statement ignored.
    rlxDAC.tr 72: Syntax error.  Statement ignored.
    rlxDAC.tr 73: Syntax error.  Statement ignored.
    rlxDAC.tr 74: Syntax error.  Statement ignored.
    rlxDAC.tr 75: Syntax error.  Statement ignored.
    rlxDAC.tr 76: Syntax error.  Statement ignored.
    rlxDAC.tr 77: Syntax error.  Statement ignored.
    rlxDAC.tr 78: Syntax error.  Statement ignored.
    rlxDAC.tr 79: Syntax error.  Statement ignored.
    rlxDAC.tr 80: Syntax error.  Statement ignored.
    rlxDAC.tr 81: Syntax error.  Statement ignored.
    rlxDAC.tr 82: Syntax error.  Statement ignored.
    rlxDAC.tr 83: Syntax error.  Statement ignored.
    rlxDAC.tr 84: Syntax error.  Statement ignored.
    rlxDAC.tr 85: Syntax error.  Statement ignored.
    rlxDAC.tr 86: Syntax error.  Statement ignored.
    rlxDAC.tr 87: Syntax error.  Statement ignored.
    rlxDAC.tr 88: Syntax error.  Statement ignored.
    rlxDAC.tr 89: Syntax error.  Statement ignored.
    rlxDAC.tr 90: Syntax error.  Statement ignored.
    rlxDAC.tr 91: Syntax error.  Statement ignored.
    rlxDAC.tr 92: Syntax error.  Statement ignored.
    rlxDAC.tr 93: Syntax error.  Statement ignored.
    rlxDAC.tr 94: Syntax error.  Statement ignored.
    rlxDAC.tr 95: Syntax error.  Statement ignored.
    rlxDAC.tr 96: Syntax error.  Statement ignored.
    rlxDAC.tr 97: Syntax error.  Statement ignored.
    rlxDAC.tr 98: Syntax error.  Statement ignored.
    rlxDAC.tr 99: Syntax error.  Statement ignored.
    rlxDAC.tr 100: Syntax error.  Statement ignored.
    rlxDAC.tr 101: Syntax error.  Statement ignored.
    rlxDAC.tr 102: Syntax error.  Statement ignored.
    rlxDAC.tr 103: Syntax error.  Statement ignored.
    rlxDAC.tr 104: Syntax error.  Statement ignored.
    rlxDAC.tr 105: Syntax error.  Statement ignored.
    rlxDAC.tr 106: Syntax error.  Statement ignored.
    rlxDAC.tr 107: Syntax error.  Statement ignored.
    rlxDAC.tr 108: Syntax error.  Statement ignored.
    rlxDAC.tr 109: Syntax error.  Statement ignored.
    rlxDAC.tr 110: Syntax error.  Statement ignored.
    rlxDAC.tr 111: Syntax error.  Statement ignored.
    rlxDAC.tr 112: Syntax error.  Statement ignored.
    rlxDAC.tr 113: Syntax error.  Statement ignored.
    rlxDAC.tr 114: Syntax error.  Statement ignored.
    rlxDAC.tr 115: Syntax error.  Statement ignored.
    rlxDAC.tr 116: Syntax error.  Statement ignored.
    rlxDAC.tr 117: Syntax error.  Statement ignored.
    rlxDAC.tr 118: Syntax error.  Statement ignored.
    rlxDAC.tr 119: Syntax error.  Statement ignored.
    rlxDAC.tr 120: Syntax error.  Statement ignored.
    rlxDAC.tr 121: Syntax error.  Statement ignored.
    rlxDAC.tr 122: Syntax error.  Statement ignored.
    rlxDAC.tr 123: Syntax error.  Statement ignored.
    rlxDAC.tr 124: Syntax error.  Statement ignored.
    rlxDAC.tr 125: Syntax error.  Statement ignored.
    rlxDAC.tr 126: Syntax error.  Statement ignored.
    rlxDAC.tr 127: Syntax error.  Statement ignored.
    rlxDAC.tr 128: Syntax error.  Statement ignored.
    rlxDAC.tr 129: Syntax error.  Statement ignored.
    rlxDAC.tr 130: Syntax error.  Statement ignored.
    rlxDAC.tr 131: Syntax error.  Statement ignored.
    rlxDAC.tr 132: Syntax error.  Statement ignored.
    rlxDAC.tr 133: Syntax error.  Statement ignored.
    rlxDAC.tr 134: Syntax error.  Statement ignored.
    rlxDAC.tr 135: Syntax error.  Statement ignored.
    rlxDAC.tr 136: Syntax error.  Statement ignored.
    rlxDAC.tr 137: Syntax error.  Statement ignored.
    rlxDAC.tr 138: Syntax error.  Statement ignored.
    rlxDAC.tr 139: Syntax error.  Statement ignored.
    rlxDAC.tr 140: Syntax error.  Statement ignored.
    rlxDAC.tr 141: Syntax error.  Statement ignored.
    rlxDAC.tr 142: Syntax error.  Statement ignored.
    rlxDAC.tr 143: Syntax error.  Statement ignored.
    rlxDAC.tr 144: Syntax error.  Statement ignored.
    rlxDAC.tr 145: Syntax error.  Statement ignored.
    rlxDAC.tr 146: Syntax error.  Statement ignored.
    rlxDAC.tr 147: Syntax error.  Statement ignored.
    rlxDAC.tr 148: Syntax error.  Statement ignored.
    rlxDAC.tr 149: Syntax error.  Statement ignored.
    rlxDAC.tr 150: Syntax error.  Statement ignored.
    rlxDAC.tr 151: Syntax error.  Statement ignored.
    rlxDAC.tr 152: Syntax error.  Statement ignored.
    rlxDAC.tr 153: Syntax error.  Statement ignored.
    rlxDAC.tr 154: Syntax error.  Statement ignored.
    rlxDAC.tr 155: Syntax error.  Statement ignored.
    rlxDAC.tr 156: Syntax error.  Statement ignored.
    rlxDAC.tr 157: Syntax error.  Statement ignored.
    rlxDAC.tr 158: Syntax error.  Statement ignored.
    rlxDAC.tr 159: Syntax error.  Statement ignored.
    rlxDAC.tr 160: Syntax error.  Statement ignored.
    rlxDAC.tr 161: Syntax error.  Statement ignored.
    rlxDAC.tr 162: Syntax error.  Statement ignored.
    rlxDAC.tr 163: Syntax error.  Statement ignored.
    rlxDAC.tr 164: Syntax error.  Statement ignored.
    rlxDAC.tr 165: Syntax error.  Statement ignored.
    rlxDAC.tr 166: Syntax error.  Statement ignored.
    rlxDAC.tr 167: Syntax error.  Statement ignored.
    rlxDAC.tr 168: Syntax error.  Statement ignored.
    rlxDAC.tr 169: Syntax error.  Statement ignored.
    rlxDAC.tr 170: Syntax error.  Statement ignored.
    rlxDAC.tr 171: Syntax error.  Statement ignored.
    rlxDAC.tr 172: Syntax error.  Statement ignored.
    rlxDAC.tr 173: Syntax error.  Statement ignored.
    rlxDAC.tr 174: Syntax error.  Statement ignored.
    rlxDAC.tr 175: Syntax error.  Statement ignored.
    rlxDAC.tr 176: Syntax error.  Statement ignored.
    rlxDAC.tr 177: Syntax error.  Statement ignored.
    rlxDAC.tr 178: Syntax error.  Statement ignored.
    rlxDAC.tr 179: Syntax error.  Statement ignored.
    rlxDAC.tr 180: Syntax error.  Statement ignored.
    rlxDAC.tr 181: Syntax error.  Statement ignored.
    rlxDAC.tr 182: Syntax error.  Statement ignored.
    rlxDAC.tr 183: Syntax error.  Statement ignored.
    rlxDAC.tr 184: Syntax error.  Statement ignored.
    rlxDAC.tr 185: Syntax error.  Statement ignored.
    rlxDAC.tr 186: Syntax error.  Statement ignored.
    rlxDAC.tr 187: Syntax error.  Statement ignored.
    rlxDAC.tr 188: Syntax error.  Statement ignored.
    rlxDAC.tr 189: Syntax error.  Statement ignored.
    rlxDAC.tr 190: Syntax error.  Statement ignored.
    rlxDAC.tr 191: Syntax error.  Statement ignored.
    rlxDAC.tr 192: Syntax error.  Statement ignored.
    rlxDAC.tr 193: Syntax error.  Statement ignored.
    rlxDAC.tr 194: Syntax error.  Statement ignored.
    rlxDAC.tr 195: Syntax error.  Statement ignored.
    rlxDAC.tr 196: Syntax error.  Statement ignored.
    rlxDAC.tr 197: Syntax error.  Statement ignored.
    rlxDAC.tr 198: Syntax error.  Statement ignored.
    rlxDAC.tr 199: Syntax error.  Statement ignored.
    rlxDAC.tr 200: Syntax error.  Statement ignored.
    rlxDAC.tr 201: Syntax error.  Statement ignored.
    rlxDAC.tr 202: Syntax error.  Statement ignored.
    rlxDAC.tr 203: Syntax error.  Statement ignored.
    rlxDAC.tr 204: Syntax error.  Statement ignored.
    rlxDAC.tr 205: Syntax error.  Statement ignored.
    rlxDAC.tr 206: Syntax error.  Statement ignored.
    rlxDAC.tr 207: Syntax error.  Statement ignored.
    rlxDAC.tr 208: Syntax error.  Statement ignored.
    rlxDAC.tr 209: Syntax error.  Statement ignored.
    rlxDAC.tr 210: Syntax error.  Statement ignored.
    rlxDAC.tr 211: Syntax error.  Statement ignored.
    rlxDAC.tr 212: Syntax error.  Statement ignored.
    rlxDAC.tr 213: Syntax error.  Statement ignored.
    rlxDAC.tr 214: Syntax error.  Statement ignored.
    rlxDAC.tr 215: Syntax error.  Statement ignored.
    rlxDAC.tr 216: Syntax error.  Statement ignored.
    rlxDAC.tr 217: Syntax error.  Statement ignored.
    rlxDAC.tr 218: Syntax error.  Statement ignored.
    rlxDAC.tr 219: Syntax error.  Statement ignored.
    rlxDAC.tr 220: Syntax error.  Statement ignored.
    rlxDAC.tr 221: Syntax error.  Statement ignored.
    rlxDAC.tr 222: Syntax error.  Statement ignored.
    rlxDAC.tr 223: Syntax error.  Statement ignored.
    rlxDAC.tr 224: Syntax error.  Statement ignored.
    rlxDAC.tr 225: Syntax error.  Statement ignored.
    rlxDAC.tr 226: Syntax error.  Statement ignored.
    rlxDAC.tr 227: Syntax error.  Statement ignored.
    rlxDAC.tr 228: Syntax error.  Statement ignored.
    rlxDAC.tr 229: Syntax error.  Statement ignored.
    rlxDAC.tr 230: Syntax error.  Statement ignored.
    rlxDAC.tr 231: Syntax error.  Statement ignored.
    rlxDAC.tr 232: Syntax error.  Statement ignored.
    rlxDAC.tr 233: Syntax error.  Statement ignored.
    rlxDAC.tr 234: Syntax error.  Statement ignored.
    rlxDAC.tr 235: Syntax error.  Statement ignored.
    rlxDAC.tr 236: Syntax error.  Statement ignored.
    rlxDAC.tr 237: Syntax error.  Statement ignored.
    rlxDAC.tr 238: Syntax error.  Statement ignored.
    rlxDAC.tr 239: Syntax error.  Statement ignored.
    rlxDAC.tr 240: Syntax error.  Statement ignored.
    rlxDAC.tr 241: Syntax error.  Statement ignored.
    rlxDAC.tr 242: Syntax error.  Statement ignored.
    rlxDAC.tr 243: Syntax error.  Statement ignored.
    rlxDAC.tr 244: Syntax error.  Statement ignored.
    rlxDAC.tr 245: Syntax error.  Statement ignored.
    rlxDAC.tr 246: Syntax error.  Statement ignored.
    rlxDAC.tr 247: Syntax error.  Statement ignored.
    rlxDAC.tr 248: Syntax error.  Statement ignored.
    rlxDAC.tr 249: Syntax error.  Statement ignored.
    rlxDAC.tr 250: Syntax error.  Statement ignored.
    rlxDAC.tr 251: Syntax error.  Statement ignored.
    rlxDAC.tr 252: Syntax error.  Statement ignored.
    rlxDAC.tr 253: Syntax error.  Statement ignored.
    rlxDAC.tr 254: Syntax error.  Statement ignored.
    rlxDAC.tr 255: Syntax error.  Statement ignored.
    rlxDAC.tr 256: Syntax error.  Statement ignored.
    rlxDAC.tr 257: Syntax error.  Statement ignored.
    rlxDAC.tr 258: Syntax error.  Statement ignored.
    rlxDAC.tr 259: Syntax error.  Statement ignored.
    rlxDAC.tr 260: Syntax error.  Statement ignored.
    rlxDAC.tr 261: Syntax error.  Statement ignored.
    rlxDAC.tr 262: Syntax error.  Statement ignored.
    rlxDAC.tr 263: Syntax error.  Statement ignored.
    rlxDAC.tr 264: Syntax error.  Statement ignored.
    rlxDAC.tr 265: Syntax error.  Statement ignored.
    rlxDAC.tr 266: Syntax error.  Statement ignored.
    rlxDAC.tr 267: Syntax error.  Statement ignored.
    rlxDAC.tr 268: Syntax error.  Statement ignored.
    rlxDAC.tr 269: Syntax error.  Statement ignored.
    rlxDAC.tr 270: Syntax error.  Statement ignored.
    rlxDAC.tr 271: Syntax error.  Statement ignored.
    rlxDAC.tr 272: Syntax error.  Statement ignored.
    rlxDAC.tr 273: Syntax error.  Statement ignored.
    rlxDAC.tr 274: Syntax error.  Statement ignored.
    rlxDAC.tr 275: Syntax error.  Statement ignored.
    rlxDAC.tr 276: Syntax error.  Statement ignored.
    rlxDAC.tr 277: Syntax error.  Statement ignored.
    rlxDAC.tr 278: Syntax error.  Statement ignored.
    rlxDAC.tr 279: Syntax error.  Statement ignored.
    rlxDAC.tr 280: Syntax error.  Statement ignored.
    rlxDAC.tr 281: Syntax error.  Statement ignored.
    rlxDAC.tr 282: Syntax error.  Statement ignored.
    rlxDAC.tr 283: Syntax error.  Statement ignored.
    rlxDAC.tr 284: Syntax error.  Statement ignored.
    rlxDAC.tr 285: Syntax error.  Statement ignored.
    rlxDAC.tr 286: Syntax error.  Statement ignored.
    rlxDAC.tr 287: Syntax error.  Statement ignored.
    rlxDAC.tr 288: Syntax error.  Statement ignored.
    rlxDAC.tr 289: Syntax error.  Statement ignored.
    rlxDAC.tr 290: Syntax error.  Statement ignored.
    rlxDAC.tr 291: Syntax error.  Statement ignored.
    rlxDAC.tr 292: Syntax error.  Statement ignored.
    rlxDAC.tr 293: Syntax error.  Statement ignored.
    rlxDAC.tr 294: Syntax error.  Statement ignored.
    rlxDAC.tr 295: Syntax error.  Statement ignored.
    rlxDAC.tr 296: Syntax error.  Statement ignored.
    rlxDAC.tr 297: Syntax error.  Statement ignored.
    rlxDAC.tr 298: Syntax error.  Statement ignored.
    rlxDAC.tr 299: Syntax error.  Statement ignored.
    rlxDAC.tr 300: Syntax error.  Statement ignored.
    rlxDAC.tr 301: Syntax error.  Statement ignored.
    rlxDAC.tr 302: Syntax error.  Statement ignored.
    rlxDAC.tr 303: Syntax error.  Statement ignored.
    rlxDAC.tr 304: Syntax error.  Statement ignored.
    rlxDAC.tr 305: Syntax error.  Statement ignored.
    rlxDAC.tr 306: Syntax error.  Statement ignored.
    rlxDAC.tr 307: Syntax error.  Statement ignored.
    rlxDAC.tr 308: Syntax error.  Statement ignored.
    rlxDAC.tr 309: Syntax error.  Statement ignored.
    rlxDAC.tr 310: Syntax error.  Statement ignored.
    rlxDAC.tr 311: Syntax error.  Statement ignored.
    rlxDAC.tr 312: Syntax error.  Statement ignored.
    rlxDAC.tr 313: Syntax error.  Statement ignored.
    rlxDAC.tr 314: Syntax error.  Statement ignored.
    rlxDAC.tr 315: Syntax error.  Statement ignored.
    rlxDAC.tr 316: Syntax error.  Statement ignored.
    rlxDAC.tr 317: Syntax error.  Statement ignored.
    rlxDAC.tr 318: Syntax error.  Statement ignored.
    rlxDAC.tr 319: Syntax error.  Statement ignored.
    rlxDAC.tr 320: Syntax error.  Statement ignored.
    rlxDAC.tr 321: Syntax error.  Statement ignored.
    rlxDAC.tr 322: Syntax error.  Statement ignored.
    rlxDAC.tr 323: Syntax error.  Statement ignored.
    rlxDAC.tr 324: Syntax error.  Statement ignored.
    rlxDAC.tr 325: Syntax error.  Statement ignored.
    rlxDAC.tr 326: Syntax error.  Statement ignored.
    rlxDAC.tr 327: Syntax error.  Statement ignored.
    rlxDAC.tr 328: Syntax error.  Statement ignored.
    rlxDAC.tr 329: Syntax error.  Statement ignored.
    rlxDAC.tr 330: Syntax error.  Statement ignored.
    rlxDAC.tr 331: Syntax error.  Statement ignored.
    rlxDAC.tr 332: Syntax error.  Statement ignored.
    rlxDAC.tr 333: Syntax error.  Statement ignored.
    rlxDAC.tr 334: Syntax error.  Statement ignored.
    rlxDAC.tr 335: Syntax error.  Statement ignored.
    rlxDAC.tr 336: Syntax error.  Statement ignored.
    rlxDAC.tr 337: Syntax error.  Statement ignored.
    rlxDAC.tr 338: Syntax error.  Statement ignored.
    rlxDAC.tr 339: Syntax error.  Statement ignored.
    rlxDAC.tr 340: Syntax error.  Statement ignored.
    rlxDAC.tr 341: Syntax error.  Statement ignored.
    rlxDAC.tr 342: Syntax error.  Statement ignored.
    rlxDAC.tr 343: Syntax error.  Statement ignored.
    rlxDAC.tr 344: Syntax error.  Statement ignored.
    rlxDAC.tr 345: Syntax error.  Statement ignored.
    rlxDAC.tr 346: Syntax error.  Statement ignored.
    rlxDAC.tr 347: Syntax error.  Statement ignored.
    rlxDAC.tr 348: Syntax error.  Statement ignored.
    rlxDAC.tr 349: Syntax error.  Statement ignored.
    rlxDAC.tr 350: Syntax error.  Statement ignored.
    rlxDAC.tr 351: Syntax error.  Statement ignored.
    rlxDAC.tr 352: Syntax error.  Statement ignored.
    rlxDAC.tr 353: Syntax error.  Statement ignored.
    rlxDAC.tr 354: Syntax error.  Statement ignored.
    rlxDAC.tr 355: Syntax error.  Statement ignored.
    rlxDAC.tr 356: Syntax error.  Statement ignored.
    rlxDAC.tr 357: Syntax error.  Statement ignored.
    rlxDAC.tr 358: Syntax error.  Statement ignored.
    rlxDAC.tr 359: Syntax error.  Statement ignored.
    rlxDAC.tr 360: Syntax error.  Statement ignored.
    rlxDAC.tr 361: Syntax error.  Statement ignored.
    rlxDAC.tr 362: Syntax error.  Statement ignored.
    rlxDAC.tr 363: Syntax error.  Statement ignored.
    rlxDAC.tr 364: Syntax error.  Statement ignored.
    rlxDAC.tr 365: Syntax error.  Statement ignored.
    rlxDAC.tr 366: Syntax error.  Statement ignored.
    rlxDAC.tr 367: Syntax error.  Statement ignored.
    rlxDAC.tr 368: Syntax error.  Statement ignored.
    rlxDAC.tr 369: Syntax error.  Statement ignored.
    rlxDAC.tr 370: Syntax error.  Statement ignored.
    rlxDAC.tr 371: Syntax error.  Statement ignored.
    rlxDAC.tr 372: Syntax error.  Statement ignored.
    rlxDAC.tr 373: Syntax error.  Statement ignored.
    rlxDAC.tr 374: Syntax error.  Statement ignored.
    rlxDAC.tr 375: Syntax error.  Statement ignored.
    rlxDAC.tr 376: Syntax error.  Statement ignored.
    rlxDAC.tr 377: Syntax error.  Statement ignored.
    rlxDAC.tr 378: Syntax error.  Statement ignored.
    rlxDAC.tr 379: Syntax error.  Statement ignored.
    rlxDAC.tr 380: Syntax error.  Statement ignored.
    rlxDAC.tr 381: Syntax error.  Statement ignored.
    rlxDAC.tr 382: Syntax error.  Statement ignored.


Killed by user.

Aggregate audit:
User time = 1.35 s.
System time = 670 ms.
Physical memory used = 1.68 Mbytes.
Virtual memory used = 279 kbytes.
spectre terminated prematurely due to fatal error.
